=== Task 17 start 2026-04-20T18:15:13+00:00 ===

>>> ARM f16
--- N_MAX probe for f16 ---
(
  variant {
    Ok = record {
      output = "Ready to start a new chat for cache file .canister_cache/vmhoy-73kda-prnza-2tajt-hfque-jznnr-pmntw-bg5vu-abbau-7osom-rqe/sessions/c3t17_f16.cache";
      conversation = "";
      error = "";
      status_code = 200 : nat16;
      prompt_remaining = "";
      generated_eog = false;
    }
  },
)
    probe N=15 f16 OK
(
  variant {
    Ok = record {
      output = "Ready to start a new chat for cache file .canister_cache/vmhoy-73kda-prnza-2tajt-hfque-jznnr-pmntw-bg5vu-abbau-7osom-rqe/sessions/c3t17_f16.cache";
      conversation = "";
      error = "";
      status_code = 200 : nat16;
      prompt_remaining = "";
      generated_eog = false;
    }
  },
)
    probe N=25 f16 OK
(
  variant {
    Ok = record {
      output = "Ready to start a new chat for cache file .canister_cache/vmhoy-73kda-prnza-2tajt-hfque-jznnr-pmntw-bg5vu-abbau-7osom-rqe/sessions/c3t17_f16.cache";
      conversation = "";
      error = "";
      status_code = 200 : nat16;
      prompt_remaining = "";
      generated_eog = false;
    }
  },
)
    probe N=40 f16 FAIL (IC0522 or trap)
--- N_MAX(f16) = 25 ---
(
  variant {
    Ok = record {
      output = "Ready to start a new chat for cache file .canister_cache/vmhoy-73kda-prnza-2tajt-hfque-jznnr-pmntw-bg5vu-abbau-7osom-rqe/sessions/c3t17_f16.cache";
      conversation = "";
      error = "";
      status_code = 200 : nat16;
      prompt_remaining = "";
      generated_eog = false;
    }
  },
)

=== Task 17 v2 start 2026-04-20T18:17:54+00:00 ===

>>> ARM f16
(
  variant {
    Ok = record {
      output = "Ready to start a new chat for cache file .canister_cache/vmhoy-73kda-prnza-2tajt-hfque-jznnr-pmntw-bg5vu-abbau-7osom-rqe/sessions/c3t17v2_f16.cache";
      conversation = "";
      error = "";
      status_code = 200 : nat16;
      prompt_remaining = "";
      generated_eog = false;
    }
  },
)
--- f16 probe N=20 ---
    probe N=20 f16 FAIL (rc=255 wall=15.307s)
Error: Failed update call.
Caused by: The replica returned a rejection error: reject code CanisterError, reject message Error from Canister uxrrr-q7777-77774-qaaaq-cai: Canister exceeded the limit of 40000000000 instructions for single message execution..
Try optimizing this method to consume fewer instructions or split the work across multiple messages. See documentation: https://internetcomputer.org/docs/current/references/execution-errors#instruction-limit-exceeded, error code Some("IC0522")

>>> ARM q8_0
(
  variant {
    Ok = record {
      output = "Ready to start a new chat for cache file .canister_cache/vmhoy-73kda-prnza-2tajt-hfque-jznnr-pmntw-bg5vu-abbau-7osom-rqe/sessions/c3t17v2_q8_0.cache";
      conversation = "";
      error = "";
      status_code = 200 : nat16;
      prompt_remaining = "";
      generated_eog = false;
    }
  },
)
--- q8_0 probe N=20 ---
    probe N=20 q8_0 FAIL (rc=255 wall=15.076s)
Error: Failed update call.
Caused by: The replica returned a rejection error: reject code CanisterError, reject message Error from Canister uxrrr-q7777-77774-qaaaq-cai: Canister exceeded the limit of 40000000000 instructions for single message execution..
Try optimizing this method to consume fewer instructions or split the work across multiple messages. See documentation: https://internetcomputer.org/docs/current/references/execution-errors#instruction-limit-exceeded, error code Some("IC0522")

>>> ARM q4_0
(
  variant {
    Ok = record {
      output = "Ready to start a new chat for cache file .canister_cache/vmhoy-73kda-prnza-2tajt-hfque-jznnr-pmntw-bg5vu-abbau-7osom-rqe/sessions/c3t17v2_q4_0.cache";
      conversation = "";
      error = "";
      status_code = 200 : nat16;
      prompt_remaining = "";
      generated_eog = false;
    }
  },
)
--- q4_0 probe N=20 ---
    probe N=20 q4_0 FAIL (rc=255 wall=15.591s)
Error: Failed update call.
Caused by: The replica returned a rejection error: reject code CanisterError, reject message Error from Canister uxrrr-q7777-77774-qaaaq-cai: Canister exceeded the limit of 40000000000 instructions for single message execution..
Try optimizing this method to consume fewer instructions or split the work across multiple messages. See documentation: https://internetcomputer.org/docs/current/references/execution-errors#instruction-limit-exceeded, error code Some("IC0522")

=== Task 17 v2 complete 2026-04-20T18:18:43+00:00 ===

=== Task 17 v2 start 2026-04-20T18:19:27+00:00 ===

>>> ARM f16
(
  variant {
    Ok = record {
      output = "Ready to start a new chat for cache file .canister_cache/vmhoy-73kda-prnza-2tajt-hfque-jznnr-pmntw-bg5vu-abbau-7osom-rqe/sessions/c3t17v2_f16.cache";
      conversation = "";
      error = "";
      status_code = 200 : nat16;
      prompt_remaining = "";
      generated_eog = false;
    }
  },
)
--- f16 probe N=10 ---
    probe N=10 f16 OK wall=9.66s
(
  variant {
    Ok = record {
      output = "你好，我的名字是猫。我可以帮你解决";
      conversation = "<|im_start|>user\nHi cat.<|im_end|>\n<|im_start|>assistant\n你好，我的名字是猫。我可以帮你";
      error = "";
      status_code = 200 : nat16;
      prompt_remaining = "";
      generated_eog = false;
    }
  },
)
(
  variant {
    Ok = record {
      output = "Ready to start a new chat for cache file .canister_cache/vmhoy-73kda-prnza-2tajt-hfque-jznnr-pmntw-bg5vu-abbau-7osom-rqe/sessions/c3t17v2_f16.cache";
      conversation = "";
      error = "";
      status_code = 200 : nat16;
      prompt_remaining = "";
      generated_eog = false;
    }
  },
)
--- f16 probe N=15 ---
    probe N=15 f16 OK wall=8.835s
(
  variant {
    Ok = record {
      output = "Nice to meet you! Let\'s get started.\n\nWhat would you like to";
      conversation = "<|im_start|>user\nHi cat.<|im_end|>\n<|im_start|>assistant\nNice to meet you! Let\'s get started.\n\nWhat would you like";
      error = "";
      status_code = 200 : nat16;
      prompt_remaining = "";
      generated_eog = false;
    }
  },
)
(
  variant {
    Ok = record {
      output = "Ready to start a new chat for cache file .canister_cache/vmhoy-73kda-prnza-2tajt-hfque-jznnr-pmntw-bg5vu-abbau-7osom-rqe/sessions/c3t17v2_f16.cache";
      conversation = "";
      error = "";
      status_code = 200 : nat16;
      prompt_remaining = "";
      generated_eog = false;
    }
  },
)
--- f16 probe N=20 ---
    probe N=20 f16 OK wall=13.431s
(
  variant {
    Ok = record {
      output = "Nice to meet you! Let\'s get started.\n\nWhat would you like to learn today, and what";
      conversation = "<|im_start|>user\nHi cat.<|im_end|>\n<|im_start|>assistant\nNice to meet you! Let\'s get started.\n\nWhat would you like to learn today, and";
      error = "";
      status_code = 200 : nat16;
      prompt_remaining = "";
      generated_eog = false;
    }
  },
)

>>> ARM q8_0
(
  variant {
    Ok = record {
      output = "Ready to start a new chat for cache file .canister_cache/vmhoy-73kda-prnza-2tajt-hfque-jznnr-pmntw-bg5vu-abbau-7osom-rqe/sessions/c3t17v2_q8_0.cache";
      conversation = "";
      error = "";
      status_code = 200 : nat16;
      prompt_remaining = "";
      generated_eog = false;
    }
  },
)
--- q8_0 probe N=10 ---
    probe N=10 q8_0 OK wall=9.656s
(
  variant {
    Ok = record {
      output = "你好，我的名字是猫。我可以帮你解决";
      conversation = "<|im_start|>user\nHi cat.<|im_end|>\n<|im_start|>assistant\n你好，我的名字是猫。我可以帮你";
      error = "";
      status_code = 200 : nat16;
      prompt_remaining = "";
      generated_eog = false;
    }
  },
)
(
  variant {
    Ok = record {
      output = "Ready to start a new chat for cache file .canister_cache/vmhoy-73kda-prnza-2tajt-hfque-jznnr-pmntw-bg5vu-abbau-7osom-rqe/sessions/c3t17v2_q8_0.cache";
      conversation = "";
      error = "";
      status_code = 200 : nat16;
      prompt_remaining = "";
      generated_eog = false;
    }
  },
)
--- q8_0 probe N=15 ---
    probe N=15 q8_0 OK wall=8.871s
(
  variant {
    Ok = record {
      output = "Nice to meet you! Let\'s get started.\n\nWhat would you like to";
      conversation = "<|im_start|>user\nHi cat.<|im_end|>\n<|im_start|>assistant\nNice to meet you! Let\'s get started.\n\nWhat would you like";
      error = "";
      status_code = 200 : nat16;
      prompt_remaining = "";
      generated_eog = false;
    }
  },
)
(
  variant {
    Ok = record {
      output = "Ready to start a new chat for cache file .canister_cache/vmhoy-73kda-prnza-2tajt-hfque-jznnr-pmntw-bg5vu-abbau-7osom-rqe/sessions/c3t17v2_q8_0.cache";
      conversation = "";
      error = "";
      status_code = 200 : nat16;
      prompt_remaining = "";
      generated_eog = false;
    }
  },
)
--- q8_0 probe N=20 ---
    probe N=20 q8_0 OK wall=10.941s
(
  variant {
    Ok = record {
      output = "Nice to meet you! Let\'s get started.\n\nWhat would you like to learn today, and what";
      conversation = "<|im_start|>user\nHi cat.<|im_end|>\n<|im_start|>assistant\nNice to meet you! Let\'s get started.\n\nWhat would you like to learn today, and";
      error = "";
      status_code = 200 : nat16;
      prompt_remaining = "";
      generated_eog = false;
    }
  },
)

>>> ARM q4_0
(
  variant {
    Ok = record {
      output = "Ready to start a new chat for cache file .canister_cache/vmhoy-73kda-prnza-2tajt-hfque-jznnr-pmntw-bg5vu-abbau-7osom-rqe/sessions/c3t17v2_q4_0.cache";
      conversation = "";
      error = "";
      status_code = 200 : nat16;
      prompt_remaining = "";
      generated_eog = false;
    }
  },
)
--- q4_0 probe N=10 ---
    probe N=10 q4_0 OK wall=9.636s
(
  variant {
    Ok = record {
      output = "你好，我的名字是猫。我可以帮你解决";
      conversation = "<|im_start|>user\nHi cat.<|im_end|>\n<|im_start|>assistant\n你好，我的名字是猫。我可以帮你";
      error = "";
      status_code = 200 : nat16;
      prompt_remaining = "";
      generated_eog = false;
    }
  },
)
(
  variant {
    Ok = record {
      output = "Ready to start a new chat for cache file .canister_cache/vmhoy-73kda-prnza-2tajt-hfque-jznnr-pmntw-bg5vu-abbau-7osom-rqe/sessions/c3t17v2_q4_0.cache";
      conversation = "";
      error = "";
      status_code = 200 : nat16;
      prompt_remaining = "";
      generated_eog = false;
    }
  },
)
--- q4_0 probe N=15 ---
    probe N=15 q4_0 OK wall=8.871s
(
  variant {
    Ok = record {
      output = "Nice to meet you! Let\'s get started.\n\nWhat would you like to";
      conversation = "<|im_start|>user\nHi cat.<|im_end|>\n<|im_start|>assistant\nNice to meet you! Let\'s get started.\n\nWhat would you like";
      error = "";
      status_code = 200 : nat16;
      prompt_remaining = "";
      generated_eog = false;
    }
  },
)
(
  variant {
    Ok = record {
      output = "Ready to start a new chat for cache file .canister_cache/vmhoy-73kda-prnza-2tajt-hfque-jznnr-pmntw-bg5vu-abbau-7osom-rqe/sessions/c3t17v2_q4_0.cache";
      conversation = "";
      error = "";
      status_code = 200 : nat16;
      prompt_remaining = "";
      generated_eog = false;
    }
  },
)
--- q4_0 probe N=20 ---
    probe N=20 q4_0 OK wall=10.73s
(
  variant {
    Ok = record {
      output = "Nice to meet you! Let\'s get started.\n\nWhat would you like to learn today, and what";
      conversation = "<|im_start|>user\nHi cat.<|im_end|>\n<|im_start|>assistant\nNice to meet you! Let\'s get started.\n\nWhat would you like to learn today, and";
      error = "";
      status_code = 200 : nat16;
      prompt_remaining = "";
      generated_eog = false;
    }
  },
)

=== Task 17 v2 complete 2026-04-20T18:21:08+00:00 ===
