=== Task 16 start 2026-04-20T18:10:12+00:00 ===

>>> A: new_chat + 1-call N=100 (expected IC0522)
(
  variant {
    Ok = record {
      output = "Ready to start a new chat for cache file .canister_cache/vmhoy-73kda-prnza-2tajt-hfque-jznnr-pmntw-bg5vu-abbau-7osom-rqe/sessions/c3t16.cache";
      conversation = "";
      error = "";
      status_code = 200 : nat16;
      prompt_remaining = "";
      generated_eog = false;
    }
  },
)
>>> A: exit=255 wall=19.651s
Error: Failed update call.
Caused by: The replica returned a rejection error: reject code CanisterError, reject message Error from Canister uxrrr-q7777-77774-qaaaq-cai: Canister exceeded the limit of 40000000000 instructions for single message execution..
Try optimizing this method to consume fewer instructions or split the work across multiple messages. See documentation: https://internetcomputer.org/docs/current/references/execution-errors#instruction-limit-exceeded, error code Some("IC0522")

>>> B: new_chat + 7× run_update N=15
(
  variant {
    Ok = record {
      output = "Ready to start a new chat for cache file .canister_cache/vmhoy-73kda-prnza-2tajt-hfque-jznnr-pmntw-bg5vu-abbau-7osom-rqe/sessions/c3t16.cache";
      conversation = "";
      error = "";
      status_code = 200 : nat16;
      prompt_remaining = "";
      generated_eog = false;
    }
  },
)
>>> B step 1 wall=18.894s
(
  variant {
    Ok = record {
      output = "As an AI language model, I don\'t have personal experiences or stories to";
      conversation = "<|im_start|>user\nTell me a story about a robot who learned to paint.<|im_end|>\n<|im_start|>assistant\nAs an AI language model, I don\'t have personal experiences or stories";
      error = "";
      status_code = 200 : nat16;
      prompt_remaining = "";
      generated_eog = false;
    }
  },
)
>>> B step 2 wall=9.502s
(
  variant {
    Ok = record {
      output = ", but I can tell you about a robot that has learned to paint.";
      conversation = "<|im_start|>user\nTell me a story about a robot who learned to paint.<|im_end|>\n<|im_start|>assistant\nAs an AI language model, I don\'t have personal experiences or stories, but I can tell you about a robot that has learned to paint";
      error = "";
      status_code = 200 : nat16;
      prompt_remaining = "";
      generated_eog = false;
    }
  },
)
>>> B step 3 wall=9.652s
(
  variant {
    Ok = record {
      output = ". This robot is named \"PaintBot\" and it has been programmed with";
      conversation = "<|im_start|>user\nTell me a story about a robot who learned to paint.<|im_end|>\n<|im_start|>assistant\nAs an AI language model, I don\'t have personal experiences or stories, but I can tell you about a robot that has learned to paint. This robot is named \"PaintBot\" and it has been programmed";
      error = "";
      status_code = 200 : nat16;
      prompt_remaining = "";
      generated_eog = false;
    }
  },
)
>>> B step 4 wall=9.503s
(
  variant {
    Ok = record {
      output = " with a machine learning algorithm that allows it to learn from its interactions with the";
      conversation = "<|im_start|>user\nTell me a story about a robot who learned to paint.<|im_end|>\n<|im_start|>assistant\nAs an AI language model, I don\'t have personal experiences or stories, but I can tell you about a robot that has learned to paint. This robot is named \"PaintBot\" and it has been programmed with a machine learning algorithm that allows it to learn from its interactions with";
      error = "";
      status_code = 200 : nat16;
      prompt_remaining = "";
      generated_eog = false;
    }
  },
)
>>> B step 5 wall=10.023s
(
  variant {
    Ok = record {
      output = " the environment and make decisions based on the data it collects. The robot is";
      conversation = "<|im_start|>user\nTell me a story about a robot who learned to paint.<|im_end|>\n<|im_start|>assistant\nAs an AI language model, I don\'t have personal experiences or stories, but I can tell you about a robot that has learned to paint. This robot is named \"PaintBot\" and it has been programmed with a machine learning algorithm that allows it to learn from its interactions with the environment and make decisions based on the data it collects. The robot";
      error = "";
      status_code = 200 : nat16;
      prompt_remaining = "";
      generated_eog = false;
    }
  },
)
>>> B step 6 wall=9.816s
(
  variant {
    Ok = record {
      output = " is designed to be a helpful assistant, and it has been trained to respond";
      conversation = "<|im_start|>user\nTell me a story about a robot who learned to paint.<|im_end|>\n<|im_start|>assistant\nAs an AI language model, I don\'t have personal experiences or stories, but I can tell you about a robot that has learned to paint. This robot is named \"PaintBot\" and it has been programmed with a machine learning algorithm that allows it to learn from its interactions with the environment and make decisions based on the data it collects. The robot is designed to be a helpful assistant, and it has been trained to";
      error = "";
      status_code = 200 : nat16;
      prompt_remaining = "";
      generated_eog = false;
    }
  },
)
>>> B step 7 wall=9.601s
(
  variant {
    Ok = record {
      output = " help people with various tasks, such as painting, drawing, and even playing";
      conversation = "<|im_start|>user\nTell me a story about a robot who learned to paint.<|im_end|>\n<|im_start|>assistant\nAs an AI language model, I don\'t have personal experiences or stories, but I can tell you about a robot that has learned to paint. This robot is named \"PaintBot\" and it has been programmed with a machine learning algorithm that allows it to learn from its interactions with the environment and make decisions based on the data it collects. The robot is designed to be a helpful assistant, and it has been trained to help people with various tasks, such as painting, drawing, and even";
      error = "";
      status_code = 200 : nat16;
      prompt_remaining = "";
      generated_eog = false;
    }
  },
)
>>> B total: wall=76.99s tokens≈105 tok/s=1.364
>>> B emitted text (concatenated outputs):
As an AI language model, I don\'t have personal experiences or stories to, but I can tell you about a robot that has learned to paint.. This robot is named \"PaintBot\" and it has been programmed with with a machine learning algorithm that allows it to learn from its interactions with the the environment and make decisions based on the data it collects. The robot is is designed to be a helpful assistant, and it has been trained to respond help people with various tasks, such as painting, drawing, and even playing

>>> C: new_chat + 1-call N=20 (reference)
(
  variant {
    Ok = record {
      output = "Ready to start a new chat for cache file .canister_cache/vmhoy-73kda-prnza-2tajt-hfque-jznnr-pmntw-bg5vu-abbau-7osom-rqe/sessions/c3t16.cache";
      conversation = "";
      error = "";
      status_code = 200 : nat16;
      prompt_remaining = "";
      generated_eog = false;
    }
  },
)
>>> C: wall=11.123s tok/s=1.798
(
  variant {
    Ok = record {
      output = "elerik\nelerik\nelerik\nelerik\nelerik\nelerik\nelerik\nelerik\nelerik\nelerik\n";
      conversation = "<|im_start|>user\nTell me a story about a robot who learned to paint.<|im_end|>\n<|im_start|>assistant\nelerik\nelerik\nelerik\nelerik\nelerik\nelerik\nelerik\nelerik\nelerik\nelerik";
      error = "";
      status_code = 200 : nat16;
      prompt_remaining = "";
      generated_eog = false;
    }
  },
)

=== Task 16 complete 2026-04-20T18:12:04+00:00 ===
summary: A fail=255 wall=19.651s | B tok=105 wall=76.99s tok/s=1.364 | C wall=11.123s tok/s=1.798
