=== Task 15 start 2026-04-20T17:56:24+00:00 ===
>>> Prefill phase: building ~200 tok prompt.cache
(
  variant {
    Ok = record {
      output = "Ready to start a new chat for cache file .canister_cache/vmhoy-73kda-prnza-2tajt-hfque-jznnr-pmntw-bg5vu-abbau-7osom-rqe/sessions/c3t15.cache";
      conversation = "";
      error = "";
      status_code = 200 : nat16;
      prompt_remaining = "";
      generated_eog = false;
    }
  },
)
>>> prefill step 1 (with prompt)
Error: Failed update call.
Caused by: The replica returned a rejection error: reject code CanisterError, reject message Error from Canister uxrrr-q7777-77774-qaaaq-cai: Canister exceeded the limit of 40000000000 instructions for single message execution..
Try optimizing this method to consume fewer instructions or split the work across multiple messages. See documentation: https://internetcomputer.org/docs/current/references/execution-errors#instruction-limit-exceeded, error code Some("IC0522")
=== Task 15 start 2026-04-20T17:57:19+00:00 ===
>>> Prefill phase: building ~200 tok prompt.cache
(
  variant {
    Ok = record {
      output = "Ready to start a new chat for cache file .canister_cache/vmhoy-73kda-prnza-2tajt-hfque-jznnr-pmntw-bg5vu-abbau-7osom-rqe/sessions/c3t15.cache";
      conversation = "";
      error = "";
      status_code = 200 : nat16;
      prompt_remaining = "";
      generated_eog = false;
    }
  },
)
>>> prefill step 1 (with short prompt)
(
  variant {
    Ok = record {
      output = "?>\n\n<?php include_once \'config.php\'; ?>\n\n<?php include_once \'";
      conversation = "<|im_start|>user\nHi.<|im_end|>\n<|im_start|>assistant\n?>\n\n<?php include_once \'config.php\'; ?>\n\n<?php include_once";
      error = "";
      status_code = 200 : nat16;
      prompt_remaining = "";
      generated_eog = false;
    }
  },
)
>>> prefill step 2 (continuation)
(
  variant {
    Ok = record {
      output = " \'user.php\'; ?>\n\n<?php include \'user.php\'; ?>\n\n<?php";
      conversation = "<|im_start|>user\nHi.<|im_end|>\n<|im_start|>assistant\n?>\n\n<?php include_once \'config.php\'; ?>\n\n<?php include_once \'user.php\'; ?>\n\n<?php include \'user.php\'; ?>\n\n<?";
      error = "";
      status_code = 200 : nat16;
      prompt_remaining = "";
      generated_eog = false;
    }
  },
)
>>> prefill step 3 (continuation)
(
  variant {
    Ok = record {
      output = "php include \'user.php\'; ?>\n\n<?php include \'user.php\'; ?>\n\n";
      conversation = "<|im_start|>user\nHi.<|im_end|>\n<|im_start|>assistant\n?>\n\n<?php include_once \'config.php\'; ?>\n\n<?php include_once \'user.php\'; ?>\n\n<?php include \'user.php\'; ?>\n\n<?php include \'user.php\'; ?>\n\n<?php include \'user.php\';";
      error = "";
      status_code = 200 : nat16;
      prompt_remaining = "";
      generated_eog = false;
    }
  },
)
>>> prefill step 4 (continuation)
(
  variant {
    Ok = record {
      output = " ?>\n\n<?php include \'user.php\'; ?>\n\n<?php include \'user.php";
      conversation = "<|im_start|>user\nHi.<|im_end|>\n<|im_start|>assistant\n?>\n\n<?php include_once \'config.php\'; ?>\n\n<?php include_once \'user.php\'; ?>\n\n<?php include \'user.php\'; ?>\n\n<?php include \'user.php\'; ?>\n\n<?php include \'user.php\'; ?>\n\n<?php include \'user.php\'; ?>\n\n<?php include \'user";
      error = "";
      status_code = 200 : nat16;
      prompt_remaining = "";
      generated_eog = false;
    }
  },
)
>>> prefill step 5 (continuation)
(
  variant {
    Ok = record {
      output = "php include \'user.php\'; ?>\n\n<?php include \'user.php\'; ?>\n\n";
      conversation = "<|im_start|>user\nHi.<|im_end|>\n<|im_start|>assistant\n?>\n\n<?php include_once \'config.php\'; ?>\n\n<?php include_once \'user.php\'; ?>\n\n<?php include \'user.php\'; ?>\n\n<?php include \'user.php\'; ?>\n\n<?php include \'user.php\'; ?>\n\n<?php include \'user.php\'; ?>\n\n<?php include \'user.php\'; ?>\n\n<?php include \'user.php\'; ?>\n\n<?php include \'user.php\';";
      error = "";
      status_code = 200 : nat16;
      prompt_remaining = "";
      generated_eog = false;
    }
  },
)
>>> prefill step 6 (continuation)
(
  variant {
    Ok = record {
      output = " ?>\n\n<?php include \'user.php\'; ?>\n\n<?php include \'user.php";
      conversation = "<|im_start|>user\nHi.<|im_end|>\n<|im_start|>assistant\n?>\n\n<?php include_once \'config.php\'; ?>\n\n<?php include_once \'user.php\'; ?>\n\n<?php include \'user.php\'; ?>\n\n<?php include \'user.php\'; ?>\n\n<?php include \'user.php\'; ?>\n\n<?php include \'user.php\'; ?>\n\n<?php include \'user.php\'; ?>\n\n<?php include \'user.php\'; ?>\n\n<?php include \'user.php\'; ?>\n\n<?php include \'user.php\'; ?>\n\n<?php include \'user";
      error = "";
      status_code = 200 : nat16;
      prompt_remaining = "";
      generated_eog = false;
    }
  },
)
>>> prefill step 7 (continuation)
(
  variant {
    Ok = record {
      output = ".php\'; ?>\n\n<?php include \'user.php\'; ?>\n\n<?php include \'";
      conversation = "<|im_start|>user\nHi.<|im_end|>\n<|im_start|>assistant\n?>\n\n<?php include_once \'config.php\'; ?>\n\n<?php include_once \'user.php\'; ?>\n\n<?php include \'user.php\'; ?>\n\n<?php include \'user.php\'; ?>\n\n<?php include \'user.php\'; ?>\n\n<?php include \'user.php\'; ?>\n\n<?php include \'user.php\'; ?>\n\n<?php include \'user.php\'; ?>\n\n<?php include \'user.php\'; ?>\n\n<?php include \'user.php\'; ?>\n\n<?php include \'user.php\'; ?>\n\n<?php include \'user.php\'; ?>\n\n<?php include";
      error = "";
      status_code = 200 : nat16;
      prompt_remaining = "";
      generated_eog = false;
    }
  },
)

=== Task 15 cycles-only start 2026-04-20T17:59:08+00:00 === cache_tokens≈112

=== REP 1 ===
--- stopping canister ---
Stopping code for canister llama_cpp, with canister_id uxrrr-q7777-77774-qaaaq-cai
--- starting canister ---
Starting code for canister llama_cpp, with canister_id uxrrr-q7777-77774-qaaaq-cai
--- re-loading model ---
(
  variant {
    Ok = record {
      output = "Model succesfully loaded into memory.";
      conversation = "";
      error = "";
      status_code = 200 : nat16;
      prompt_remaining = "";
      generated_eog = false;
    }
  },
)
--- COLD run_update rep 1 ---
Error: Failed update call.
Caused by: The replica returned a rejection error: reject code CanisterError, reject message Error from Canister uxrrr-q7777-77774-qaaaq-cai: Canister trapped: unreachable.
Consider gracefully handling failures from this canister or altering the canister to handle exceptions. See documentation: https://internetcomputer.org/docs/current/references/execution-errors#trapped, error code Some("IC0502")

=== Task 15 cycles-only start 2026-04-20T18:00:49+00:00 === cache_tokens≈112

=== REP 1 ===
--- stopping canister ---
Stopping code for canister llama_cpp, with canister_id uxrrr-q7777-77774-qaaaq-cai
--- starting canister ---
Starting code for canister llama_cpp, with canister_id uxrrr-q7777-77774-qaaaq-cai
--- COLD run_update rep 1 ---
(
  variant {
    Ok = record {
      output = ".php\'; ?>\n\n";
      conversation = "<|im_start|>user\nHi.<|im_end|>\n<|im_start|>assistant\n?>\n\n<?php include_once \'config.php\'; ?>\n\n<?php include_once \'user.php\';";
      error = "";
      status_code = 200 : nat16;
      prompt_remaining = "";
      generated_eog = false;
    }
  },
)
cold wall_ms=2386.9
--- WARM run_update rep 1 ---
(
  variant {
    Ok = record {
      output = " ?>\n\n<?php";
      conversation = "<|im_start|>user\nHi.<|im_end|>\n<|im_start|>assistant\n?>\n\n<?php include_once \'config.php\'; ?>\n\n<?php include_once \'user.php\'; ?>\n\n<?";
      error = "";
      status_code = 200 : nat16;
      prompt_remaining = "";
      generated_eog = false;
    }
  },
)
warm wall_ms=2334.7

=== REP 2 ===
--- stopping canister ---
Stopping code for canister llama_cpp, with canister_id uxrrr-q7777-77774-qaaaq-cai
--- starting canister ---
Starting code for canister llama_cpp, with canister_id uxrrr-q7777-77774-qaaaq-cai
--- COLD run_update rep 2 ---
(
  variant {
    Ok = record {
      output = "php include_once";
      conversation = "<|im_start|>user\nHi.<|im_end|>\n<|im_start|>assistant\n?>\n\n<?php include_once \'config.php\'; ?>\n\n<?php include_once \'user.php\'; ?>\n\n<?php include";
      error = "";
      status_code = 200 : nat16;
      prompt_remaining = "";
      generated_eog = false;
    }
  },
)
cold wall_ms=2387.6
--- WARM run_update rep 2 ---
(
  variant {
    Ok = record {
      output = "_once \'config";
      conversation = "<|im_start|>user\nHi.<|im_end|>\n<|im_start|>assistant\n?>\n\n<?php include_once \'config.php\'; ?>\n\n<?php include_once \'user.php\'; ?>\n\n<?php include_once \'";
      error = "";
      status_code = 200 : nat16;
      prompt_remaining = "";
      generated_eog = false;
    }
  },
)
warm wall_ms=2303.0

=== REP 3 ===
--- stopping canister ---
Stopping code for canister llama_cpp, with canister_id uxrrr-q7777-77774-qaaaq-cai
--- starting canister ---
Starting code for canister llama_cpp, with canister_id uxrrr-q7777-77774-qaaaq-cai
--- COLD run_update rep 3 ---
(
  variant {
    Ok = record {
      output = "view.php\';";
      conversation = "<|im_start|>user\nHi.<|im_end|>\n<|im_start|>assistant\n?>\n\n<?php include_once \'config.php\'; ?>\n\n<?php include_once \'user.php\'; ?>\n\n<?php include_once \'view.php";
      error = "";
      status_code = 200 : nat16;
      prompt_remaining = "";
      generated_eog = false;
    }
  },
)
cold wall_ms=2467.5
--- WARM run_update rep 3 ---
(
  variant {
    Ok = record {
      output = "\'; ?>\n\n<?";
      conversation = "<|im_start|>user\nHi.<|im_end|>\n<|im_start|>assistant\n?>\n\n<?php include_once \'config.php\'; ?>\n\n<?php include_once \'user.php\'; ?>\n\n<?php include_once \'view.php\'; ?>\n\n";
      error = "";
      status_code = 200 : nat16;
      prompt_remaining = "";
      generated_eog = false;
    }
  },
)
warm wall_ms=2307.1

=== REP 4 ===
--- stopping canister ---
Stopping code for canister llama_cpp, with canister_id uxrrr-q7777-77774-qaaaq-cai
--- starting canister ---
Starting code for canister llama_cpp, with canister_id uxrrr-q7777-77774-qaaaq-cai
--- COLD run_update rep 4 ---
(
  variant {
    Ok = record {
      output = "<?php include";
      conversation = "<|im_start|>user\nHi.<|im_end|>\n<|im_start|>assistant\n?>\n\n<?php include_once \'config.php\'; ?>\n\n<?php include_once \'user.php\'; ?>\n\n<?php include_once \'view.php\'; ?>\n\n<?php";
      error = "";
      status_code = 200 : nat16;
      prompt_remaining = "";
      generated_eog = false;
    }
  },
)
cold wall_ms=2357.3
--- WARM run_update rep 4 ---
(
  variant {
    Ok = record {
      output = " include_once \'";
      conversation = "<|im_start|>user\nHi.<|im_end|>\n<|im_start|>assistant\n?>\n\n<?php include_once \'config.php\'; ?>\n\n<?php include_once \'user.php\'; ?>\n\n<?php include_once \'view.php\'; ?>\n\n<?php include_once";
      error = "";
      status_code = 200 : nat16;
      prompt_remaining = "";
      generated_eog = false;
    }
  },
)
warm wall_ms=2315.9

=== REP 5 ===
--- stopping canister ---
Stopping code for canister llama_cpp, with canister_id uxrrr-q7777-77774-qaaaq-cai
--- starting canister ---
Starting code for canister llama_cpp, with canister_id uxrrr-q7777-77774-qaaaq-cai
--- COLD run_update rep 5 ---
(
  variant {
    Ok = record {
      output = " \'template.php";
      conversation = "<|im_start|>user\nHi.<|im_end|>\n<|im_start|>assistant\n?>\n\n<?php include_once \'config.php\'; ?>\n\n<?php include_once \'user.php\'; ?>\n\n<?php include_once \'view.php\'; ?>\n\n<?php include_once \'template";
      error = "";
      status_code = 200 : nat16;
      prompt_remaining = "";
      generated_eog = false;
    }
  },
)
cold wall_ms=2373.1
--- WARM run_update rep 5 ---
(
  variant {
    Ok = record {
      output = ".php\'; ?>\n\n";
      conversation = "<|im_start|>user\nHi.<|im_end|>\n<|im_start|>assistant\n?>\n\n<?php include_once \'config.php\'; ?>\n\n<?php include_once \'user.php\'; ?>\n\n<?php include_once \'view.php\'; ?>\n\n<?php include_once \'template.php\';";
      error = "";
      status_code = 200 : nat16;
      prompt_remaining = "";
      generated_eog = false;
    }
  },
)
warm wall_ms=2314.3

=== Task 15 cycles-only complete 2026-04-20T18:01:25+00:00 ===
