=== Task 19 start 2026-04-20T18:38:44Z ===
Model: models/falcon-h1-tiny.gguf | Ctx: 2048 | KV: f16

>>> Warmup N=1,2,3
(
  variant {
    Ok = record {
      output = "Ready to start a new chat for cache file .canister_cache/vmhoy-73kda-prnza-2tajt-hfque-jznnr-pmntw-bg5vu-abbau-7osom-rqe/sessions/c3t19.cache";
      conversation = "";
      error = "";
      status_code = 200 : nat16;
      prompt_remaining = "";
      generated_eog = false;
    }
  },
)
  N=1 OK wall=5.612s eog=false
(
  variant {
    Ok = record {
      output = "Ready to start a new chat for cache file .canister_cache/vmhoy-73kda-prnza-2tajt-hfque-jznnr-pmntw-bg5vu-abbau-7osom-rqe/sessions/c3t19.cache";
      conversation = "";
      error = "";
      status_code = 200 : nat16;
      prompt_remaining = "";
      generated_eog = false;
    }
  },
)
  N=2 OK wall=1.747s eog=false
(
  variant {
    Ok = record {
      output = "Ready to start a new chat for cache file .canister_cache/vmhoy-73kda-prnza-2tajt-hfque-jznnr-pmntw-bg5vu-abbau-7osom-rqe/sessions/c3t19.cache";
      conversation = "";
      error = "";
      status_code = 200 : nat16;
      prompt_remaining = "";
      generated_eog = false;
    }
  },
)
  N=3 OK wall=1.778s eog=false

>>> Seed probes 50/100/150/200
(
  variant {
    Ok = record {
      output = "Ready to start a new chat for cache file .canister_cache/vmhoy-73kda-prnza-2tajt-hfque-jznnr-pmntw-bg5vu-abbau-7osom-rqe/sessions/c3t19.cache";
      conversation = "";
      error = "";
      status_code = 200 : nat16;
      prompt_remaining = "";
      generated_eog = false;
    }
  },
)
  N=50 OK wall=9.233s eog=false
(
  variant {
    Ok = record {
      output = "Ready to start a new chat for cache file .canister_cache/vmhoy-73kda-prnza-2tajt-hfque-jznnr-pmntw-bg5vu-abbau-7osom-rqe/sessions/c3t19.cache";
      conversation = "";
      error = "";
      status_code = 200 : nat16;
      prompt_remaining = "";
      generated_eog = false;
    }
  },
)
  N=100 OK wall=18.041s eog=false
(
  variant {
    Ok = record {
      output = "Ready to start a new chat for cache file .canister_cache/vmhoy-73kda-prnza-2tajt-hfque-jznnr-pmntw-bg5vu-abbau-7osom-rqe/sessions/c3t19.cache";
      conversation = "";
      error = "";
      status_code = 200 : nat16;
      prompt_remaining = "";
      generated_eog = false;
    }
  },
)
  N=150 OK wall=13.778s eog=true
(
  variant {
    Ok = record {
      output = "Ready to start a new chat for cache file .canister_cache/vmhoy-73kda-prnza-2tajt-hfque-jznnr-pmntw-bg5vu-abbau-7osom-rqe/sessions/c3t19.cache";
      conversation = "";
      error = "";
      status_code = 200 : nat16;
      prompt_remaining = "";
      generated_eog = false;
    }
  },
)
  N=200 OK wall=1.792s eog=true
(
  variant {
    Ok = record {
      output = "Ready to start a new chat for cache file .canister_cache/vmhoy-73kda-prnza-2tajt-hfque-jznnr-pmntw-bg5vu-abbau-7osom-rqe/sessions/c3t19.cache";
      conversation = "";
      error = "";
      status_code = 200 : nat16;
      prompt_remaining = "";
      generated_eog = false;
    }
  },
)
  N=250 FAIL(rc=255) wall=18.984s Error: Failed update call.Caused by: The replica returned a rejection error: reject code CanisterError, reject message Error from Canister uxrrr-q7777-77774-qaaaq-cai: Canister exceeded the limit of 

>>> Bisect [200, 250]
(
  variant {
    Ok = record {
      output = "Ready to start a new chat for cache file .canister_cache/vmhoy-73kda-prnza-2tajt-hfque-jznnr-pmntw-bg5vu-abbau-7osom-rqe/sessions/c3t19.cache";
      conversation = "";
      error = "";
      status_code = 200 : nat16;
      prompt_remaining = "";
      generated_eog = false;
    }
  },
)
  N=225 FAIL(rc=255) wall=18.795s Error: Failed update call.Caused by: The replica returned a rejection error: reject code CanisterError, reject message Error from Canister uxrrr-q7777-77774-qaaaq-cai: Canister exceeded the limit of 
(
  variant {
    Ok = record {
      output = "Ready to start a new chat for cache file .canister_cache/vmhoy-73kda-prnza-2tajt-hfque-jznnr-pmntw-bg5vu-abbau-7osom-rqe/sessions/c3t19.cache";
      conversation = "";
      error = "";
      status_code = 200 : nat16;
      prompt_remaining = "";
      generated_eog = false;
    }
  },
)
  N=212 FAIL(rc=255) wall=17.733s Error: Failed update call.Caused by: The replica returned a rejection error: reject code CanisterError, reject message Error from Canister uxrrr-q7777-77774-qaaaq-cai: Canister exceeded the limit of 
(
  variant {
    Ok = record {
      output = "Ready to start a new chat for cache file .canister_cache/vmhoy-73kda-prnza-2tajt-hfque-jznnr-pmntw-bg5vu-abbau-7osom-rqe/sessions/c3t19.cache";
      conversation = "";
      error = "";
      status_code = 200 : nat16;
      prompt_remaining = "";
      generated_eog = false;
    }
  },
)
  N=206 FAIL(rc=255) wall=16.661s Error: Failed update call.Caused by: The replica returned a rejection error: reject code CanisterError, reject message Error from Canister uxrrr-q7777-77774-qaaaq-cai: Canister exceeded the limit of 
(
  variant {
    Ok = record {
      output = "Ready to start a new chat for cache file .canister_cache/vmhoy-73kda-prnza-2tajt-hfque-jznnr-pmntw-bg5vu-abbau-7osom-rqe/sessions/c3t19.cache";
      conversation = "";
      error = "";
      status_code = 200 : nat16;
      prompt_remaining = "";
      generated_eog = false;
    }
  },
)
  N=203 FAIL(rc=255) wall=15.516s Error: Failed update call.Caused by: The replica returned a rejection error: reject code CanisterError, reject message Error from Canister uxrrr-q7777-77774-qaaaq-cai: Canister exceeded the limit of 
(
  variant {
    Ok = record {
      output = "Ready to start a new chat for cache file .canister_cache/vmhoy-73kda-prnza-2tajt-hfque-jznnr-pmntw-bg5vu-abbau-7osom-rqe/sessions/c3t19.cache";
      conversation = "";
      error = "";
      status_code = 200 : nat16;
      prompt_remaining = "";
      generated_eog = false;
    }
  },
)
  N=201 FAIL(rc=255) wall=15.286s Error: Failed update call.Caused by: The replica returned a rejection error: reject code CanisterError, reject message Error from Canister uxrrr-q7777-77774-qaaaq-cai: Canister exceeded the limit of 

=== N_MAX = 200 ===
binsearch: ok=[50 100 150 200]; fail=[250]; N_MAX=200

>>> 3 reps at N_MAX=200
(
  variant {
    Ok = record {
      output = "Ready to start a new chat for cache file .canister_cache/vmhoy-73kda-prnza-2tajt-hfque-jznnr-pmntw-bg5vu-abbau-7osom-rqe/sessions/c3t19.cache";
      conversation = "";
      error = "";
      status_code = 200 : nat16;
      prompt_remaining = "";
      generated_eog = false;
    }
  },
)
  N=200 FAIL(rc=255) wall=16.187s Error: Failed update call.Caused by: The replica returned a rejection error: reject code CanisterError, reject message Error from Canister uxrrr-q7777-77774-qaaaq-cai: Canister exceeded the limit of 
(
  variant {
    Ok = record {
      output = "Ready to start a new chat for cache file .canister_cache/vmhoy-73kda-prnza-2tajt-hfque-jznnr-pmntw-bg5vu-abbau-7osom-rqe/sessions/c3t19.cache";
      conversation = "";
      error = "";
      status_code = 200 : nat16;
      prompt_remaining = "";
      generated_eog = false;
    }
  },
)
  N=200 FAIL(rc=255) wall=15.063s Error: Failed update call.Caused by: The replica returned a rejection error: reject code CanisterError, reject message Error from Canister uxrrr-q7777-77774-qaaaq-cai: Canister exceeded the limit of 
(
  variant {
    Ok = record {
      output = "Ready to start a new chat for cache file .canister_cache/vmhoy-73kda-prnza-2tajt-hfque-jznnr-pmntw-bg5vu-abbau-7osom-rqe/sessions/c3t19.cache";
      conversation = "";
      error = "";
      status_code = 200 : nat16;
      prompt_remaining = "";
      generated_eog = false;
    }
  },
)
  N=200 FAIL(rc=255) wall=15.207s Error: Failed update call.Caused by: The replica returned a rejection error: reject code CanisterError, reject message Error from Canister uxrrr-q7777-77774-qaaaq-cai: Canister exceeded the limit of 
=== Task 19 start 2026-04-20T18:45:09Z ===
Model: models/falcon-h1-tiny.gguf | Ctx: 2048 | KV: f16

>>> Warmup N=1,2,3
(
  variant {
    Ok = record {
      output = "Ready to start a new chat for cache file .canister_cache/vmhoy-73kda-prnza-2tajt-hfque-jznnr-pmntw-bg5vu-abbau-7osom-rqe/sessions/c3t19.cache";
      conversation = "";
      error = "";
      status_code = 200 : nat16;
      prompt_remaining = "";
      generated_eog = false;
    }
  },
)
  N=1 OK wall=5.545s eog=false
(
  variant {
    Ok = record {
      output = "Ready to start a new chat for cache file .canister_cache/vmhoy-73kda-prnza-2tajt-hfque-jznnr-pmntw-bg5vu-abbau-7osom-rqe/sessions/c3t19.cache";
      conversation = "";
      error = "";
      status_code = 200 : nat16;
      prompt_remaining = "";
      generated_eog = false;
    }
  },
)
  N=2 OK wall=1.728s eog=false
(
  variant {
    Ok = record {
      output = "Ready to start a new chat for cache file .canister_cache/vmhoy-73kda-prnza-2tajt-hfque-jznnr-pmntw-bg5vu-abbau-7osom-rqe/sessions/c3t19.cache";
      conversation = "";
      error = "";
      status_code = 200 : nat16;
      prompt_remaining = "";
      generated_eog = false;
    }
  },
)
  N=3 OK wall=1.767s eog=false

>>> Seed probes 50/100/150/200
(
  variant {
    Ok = record {
      output = "Ready to start a new chat for cache file .canister_cache/vmhoy-73kda-prnza-2tajt-hfque-jznnr-pmntw-bg5vu-abbau-7osom-rqe/sessions/c3t19.cache";
      conversation = "";
      error = "";
      status_code = 200 : nat16;
      prompt_remaining = "";
      generated_eog = false;
    }
  },
)
  N=50 OK wall=9.204s eog=false
(
  variant {
    Ok = record {
      output = "Ready to start a new chat for cache file .canister_cache/vmhoy-73kda-prnza-2tajt-hfque-jznnr-pmntw-bg5vu-abbau-7osom-rqe/sessions/c3t19.cache";
      conversation = "";
      error = "";
      status_code = 200 : nat16;
      prompt_remaining = "";
      generated_eog = false;
    }
  },
)
  N=100 OK wall=18.861s eog=false
(
  variant {
    Ok = record {
      output = "Ready to start a new chat for cache file .canister_cache/vmhoy-73kda-prnza-2tajt-hfque-jznnr-pmntw-bg5vu-abbau-7osom-rqe/sessions/c3t19.cache";
      conversation = "";
      error = "";
      status_code = 200 : nat16;
      prompt_remaining = "";
      generated_eog = false;
    }
  },
)
  N=150 OK wall=13.855s eog=true
(
  variant {
    Ok = record {
      output = "Ready to start a new chat for cache file .canister_cache/vmhoy-73kda-prnza-2tajt-hfque-jznnr-pmntw-bg5vu-abbau-7osom-rqe/sessions/c3t19.cache";
      conversation = "";
      error = "";
      status_code = 200 : nat16;
      prompt_remaining = "";
      generated_eog = false;
    }
  },
)
  N=200 SKIP-EOG wall=1.779s eog=true (hit EOG before budget; not a valid N_MAX datapoint)

>>> Bisect [150, 200]
(
  variant {
    Ok = record {
      output = "Ready to start a new chat for cache file .canister_cache/vmhoy-73kda-prnza-2tajt-hfque-jznnr-pmntw-bg5vu-abbau-7osom-rqe/sessions/c3t19.cache";
      conversation = "";
      error = "";
      status_code = 200 : nat16;
      prompt_remaining = "";
      generated_eog = false;
    }
  },
)
  N=175 FAIL(rc=255) wall=19.55s Error: Failed update call.Caused by: The replica returned a rejection error: reject code CanisterError, reject message Error from Canister uxrrr-q7777-77774-qaaaq-cai: Canister exceeded the limit of 
(
  variant {
    Ok = record {
      output = "Ready to start a new chat for cache file .canister_cache/vmhoy-73kda-prnza-2tajt-hfque-jznnr-pmntw-bg5vu-abbau-7osom-rqe/sessions/c3t19.cache";
      conversation = "";
      error = "";
      status_code = 200 : nat16;
      prompt_remaining = "";
      generated_eog = false;
    }
  },
)
  N=162 FAIL(rc=255) wall=18.911s Error: Failed update call.Caused by: The replica returned a rejection error: reject code CanisterError, reject message Error from Canister uxrrr-q7777-77774-qaaaq-cai: Canister exceeded the limit of 
(
  variant {
    Ok = record {
      output = "Ready to start a new chat for cache file .canister_cache/vmhoy-73kda-prnza-2tajt-hfque-jznnr-pmntw-bg5vu-abbau-7osom-rqe/sessions/c3t19.cache";
      conversation = "";
      error = "";
      status_code = 200 : nat16;
      prompt_remaining = "";
      generated_eog = false;
    }
  },
)
  N=156 FAIL(rc=255) wall=17.31s Error: Failed update call.Caused by: The replica returned a rejection error: reject code CanisterError, reject message Error from Canister uxrrr-q7777-77774-qaaaq-cai: Canister exceeded the limit of 
(
  variant {
    Ok = record {
      output = "Ready to start a new chat for cache file .canister_cache/vmhoy-73kda-prnza-2tajt-hfque-jznnr-pmntw-bg5vu-abbau-7osom-rqe/sessions/c3t19.cache";
      conversation = "";
      error = "";
      status_code = 200 : nat16;
      prompt_remaining = "";
      generated_eog = false;
    }
  },
)
  N=153 FAIL(rc=255) wall=16.687s Error: Failed update call.Caused by: The replica returned a rejection error: reject code CanisterError, reject message Error from Canister uxrrr-q7777-77774-qaaaq-cai: Canister exceeded the limit of 
(
  variant {
    Ok = record {
      output = "Ready to start a new chat for cache file .canister_cache/vmhoy-73kda-prnza-2tajt-hfque-jznnr-pmntw-bg5vu-abbau-7osom-rqe/sessions/c3t19.cache";
      conversation = "";
      error = "";
      status_code = 200 : nat16;
      prompt_remaining = "";
      generated_eog = false;
    }
  },
)
  N=151 FAIL(rc=255) wall=15.642s Error: Failed update call.Caused by: The replica returned a rejection error: reject code CanisterError, reject message Error from Canister uxrrr-q7777-77774-qaaaq-cai: Canister exceeded the limit of 

=== N_MAX = 150 ===
binsearch: ok=[50 100 150]; fail=[200]; N_MAX=150

>>> 3 reps at N_MAX=150
(
  variant {
    Ok = record {
      output = "Ready to start a new chat for cache file .canister_cache/vmhoy-73kda-prnza-2tajt-hfque-jznnr-pmntw-bg5vu-abbau-7osom-rqe/sessions/c3t19.cache";
      conversation = "";
      error = "";
      status_code = 200 : nat16;
      prompt_remaining = "";
      generated_eog = false;
    }
  },
)
  N=150 FAIL(rc=255) wall=15.526s Error: Failed update call.Caused by: The replica returned a rejection error: reject code CanisterError, reject message Error from Canister uxrrr-q7777-77774-qaaaq-cai: Canister exceeded the limit of 
(
  variant {
    Ok = record {
      output = "Ready to start a new chat for cache file .canister_cache/vmhoy-73kda-prnza-2tajt-hfque-jznnr-pmntw-bg5vu-abbau-7osom-rqe/sessions/c3t19.cache";
      conversation = "";
      error = "";
      status_code = 200 : nat16;
      prompt_remaining = "";
      generated_eog = false;
    }
  },
)
  N=150 FAIL(rc=255) wall=15.076s Error: Failed update call.Caused by: The replica returned a rejection error: reject code CanisterError, reject message Error from Canister uxrrr-q7777-77774-qaaaq-cai: Canister exceeded the limit of 
(
  variant {
    Ok = record {
      output = "Ready to start a new chat for cache file .canister_cache/vmhoy-73kda-prnza-2tajt-hfque-jznnr-pmntw-bg5vu-abbau-7osom-rqe/sessions/c3t19.cache";
      conversation = "";
      error = "";
      status_code = 200 : nat16;
      prompt_remaining = "";
      generated_eog = false;
    }
  },
)
  N=150 FAIL(rc=255) wall=15.342s Error: Failed update call.Caused by: The replica returned a rejection error: reject code CanisterError, reject message Error from Canister uxrrr-q7777-77774-qaaaq-cai: Canister exceeded the limit of 

>>> Multi-call: 5× run_update N=15 (continuous)
(
  variant {
    Ok = record {
      output = "Ready to start a new chat for cache file .canister_cache/vmhoy-73kda-prnza-2tajt-hfque-jznnr-pmntw-bg5vu-abbau-7osom-rqe/sessions/c3t19.cache";
      conversation = "";
      error = "";
      status_code = 200 : nat16;
      prompt_remaining = "";
      generated_eog = false;
    }
  },
)
--- mc step=1 ---
step 1 wall=3.38s
(
  variant {
    Ok = record {
      output = "/*\n * Copyright (c) 2016-";
      conversation = "<|begin_of_text|><|im_start|>system\nYou are a creative storyteller.<|im_end|>\n<|im_start|>user\nTell me a short story about a robot who learns to paint.<|im_end|>\n<|im_start|>assistant\n/*\n * Copyright (c) 2016";
      error = "";
      status_code = 200 : nat16;
      prompt_remaining = "";
      generated_eog = false;
    }
  },
)
--- mc step=2 ---
step 2 wall=3.542s
(
  variant {
    Ok = record {
      output = "-present, JBoss Research Ltd.\n *\n *";
      conversation = "<|begin_of_text|><|im_start|>system\nYou are a creative storyteller.<|im_end|>\n<|im_start|>user\nTell me a short story about a robot who learns to paint.<|im_end|>\n<|im_start|>assistant\n/*\n * Copyright (c) 2016-present, JBoss Research Ltd.\n *\n ";
      error = "";
      status_code = 200 : nat16;
      prompt_remaining = "";
      generated_eog = false;
    }
  },
)
--- mc step=3 ---
step 3 wall=3.548s
(
  variant {
    Ok = record {
      output = "* Licensed under the Apache License, Version 2.0 (the";
      conversation = "<|begin_of_text|><|im_start|>system\nYou are a creative storyteller.<|im_end|>\n<|im_start|>user\nTell me a short story about a robot who learns to paint.<|im_end|>\n<|im_start|>assistant\n/*\n * Copyright (c) 2016-present, JBoss Research Ltd.\n *\n * Licensed under the Apache License, Version 2.0 (";
      error = "";
      status_code = 200 : nat16;
      prompt_remaining = "";
      generated_eog = false;
    }
  },
)
--- mc step=4 ---
step 4 wall=3.565s
(
  variant {
    Ok = record {
      output = "the \"License\");\n * you may not use this file except";
      conversation = "<|begin_of_text|><|im_start|>system\nYou are a creative storyteller.<|im_end|>\n<|im_start|>user\nTell me a short story about a robot who learns to paint.<|im_end|>\n<|im_start|>assistant\n/*\n * Copyright (c) 2016-present, JBoss Research Ltd.\n *\n * Licensed under the Apache License, Version 2.0 (the \"License\");\n * you may not use this file";
      error = "";
      status_code = 200 : nat16;
      prompt_remaining = "";
      generated_eog = false;
    }
  },
)
--- mc step=5 ---
step 5 wall=3.58s
(
  variant {
    Ok = record {
      output = " except in compliance with the License.\n * You may obtain a copy";
      conversation = "<|begin_of_text|><|im_start|>system\nYou are a creative storyteller.<|im_end|>\n<|im_start|>user\nTell me a short story about a robot who learns to paint.<|im_end|>\n<|im_start|>assistant\n/*\n * Copyright (c) 2016-present, JBoss Research Ltd.\n *\n * Licensed under the Apache License, Version 2.0 (the \"License\");\n * you may not use this file except in compliance with the License.\n * You may obtain a";
      error = "";
      status_code = 200 : nat16;
      prompt_remaining = "";
      generated_eog = false;
    }
  },
)
=== C3-IO-END log extract ===
parsed 0 C3-IO-END lines, wall=[3.38, 3.542, 3.548, 3.565, 3.58]

=== Task 19 complete 2026-04-20T18:48:58Z ===
N_MAX=150  | reps=[]
=== Task 19.3 multicall fine-grained 2026-04-20T18:50:51+00:00 ===
(
  variant {
    Ok = record {
      output = "Ready to start a new chat for cache file .canister_cache/vmhoy-73kda-prnza-2tajt-hfque-jznnr-pmntw-bg5vu-abbau-7osom-rqe/sessions/c3t19m.cache";
      conversation = "";
      error = "";
      status_code = 200 : nat16;
      prompt_remaining = "";
      generated_eog = false;
    }
  },
)
--- mc step=1 ---
(
  variant {
    Ok = record {
      output = "Once in a small, cluttered room, a robot named Lum";
      conversation = "<|begin_of_text|><|im_start|>system\nYou are a creative storyteller.<|im_end|>\n<|im_start|>user\nTell me a short story about a robot who learns to paint.<|im_end|>\n<|im_start|>assistant\nOnce in a small, cluttered room, a robot named L";
      error = "";
      status_code = 200 : nat16;
      prompt_remaining = "";
      generated_eog = false;
    }
  },
)
step 1 wall=5.939s
step 1 C3-IO:  C3-IO-END: call=14 load_called=0 load_ok=-1 load_instr=0 load_tokens=0 load_bytes= -1 save_intermediate_called=1 save_intermediate_instr=425950266 save_intermediate_tokens= 38 save_intermediate_bytes=5445409 save_terminal_called=1 save_terminal_instr= 301163543 save_terminal_tokens=52 save_terminal_bytes=5617665 
--- mc step=2 ---
(
  variant {
    Ok = record {
      output = "una stood by the window, its eyes fixed on a canvas that pulsed";
      conversation = "<|begin_of_text|><|im_start|>system\nYou are a creative storyteller.<|im_end|>\n<|im_start|>user\nTell me a short story about a robot who learns to paint.<|im_end|>\n<|im_start|>assistant\nOnce in a small, cluttered room, a robot named Luna stood by the window, its eyes fixed on a canvas that pul";
      error = "";
      status_code = 200 : nat16;
      prompt_remaining = "";
      generated_eog = false;
    }
  },
)
step 2 wall=2.993s
step 2 C3-IO:  C3-IO-END: call=15 load_called=1 load_ok=1 load_instr=104518822 load_tokens=52 load_bytes= 5617665 save_intermediate_called=0 save_intermediate_instr=0 save_intermediate_tokens= 0 save_intermediate_bytes=-1 save_terminal_called=1 save_terminal_instr= 311880388 save_terminal_tokens=66 save_terminal_bytes=5789921 
--- mc step=3 ---
(
  variant {
    Ok = record {
      output = "sed with an endless palette of colors. Luna\'s sharp, two";
      conversation = "<|begin_of_text|><|im_start|>system\nYou are a creative storyteller.<|im_end|>\n<|im_start|>user\nTell me a short story about a robot who learns to paint.<|im_end|>\n<|im_start|>assistant\nOnce in a small, cluttered room, a robot named Luna stood by the window, its eyes fixed on a canvas that pulsed with an endless palette of colors. Luna\'s sharp,";
      error = "";
      status_code = 200 : nat16;
      prompt_remaining = "";
      generated_eog = false;
    }
  },
)
step 3 wall=3.012s
step 3 C3-IO:  C3-IO-END: call=16 load_called=1 load_ok=1 load_instr=107066201 load_tokens=66 load_bytes= 5789921 save_intermediate_called=0 save_intermediate_instr=0 save_intermediate_tokens= 0 save_intermediate_bytes=-1 save_terminal_called=1 save_terminal_instr= 320384720 save_terminal_tokens=80 save_terminal_bytes=5962177 
--- mc step=4 ---
(
  variant {
    Ok = record {
      output = " stylized fingers moved with precision, brush strokes that danced across";
      conversation = "<|begin_of_text|><|im_start|>system\nYou are a creative storyteller.<|im_end|>\n<|im_start|>user\nTell me a short story about a robot who learns to paint.<|im_end|>\n<|im_start|>assistant\nOnce in a small, cluttered room, a robot named Luna stood by the window, its eyes fixed on a canvas that pulsed with an endless palette of colors. Luna\'s sharp, stylized fingers moved with precision, brush strokes that danced";
      error = "";
      status_code = 200 : nat16;
      prompt_remaining = "";
      generated_eog = false;
    }
  },
)
step 4 wall=3.072s
step 4 C3-IO:  C3-IO-END: call=17 load_called=1 load_ok=1 load_instr=109523464 load_tokens=80 load_bytes= 5962177 save_intermediate_called=0 save_intermediate_instr=0 save_intermediate_tokens= 0 save_intermediate_bytes=-1 save_terminal_called=1 save_terminal_instr= 323907725 save_terminal_tokens=94 save_terminal_bytes=6134433 
--- mc step=5 ---
(
  variant {
    Ok = record {
      output = " across the paper like a cascade of hues.\n\nAs Luna";
      conversation = "<|begin_of_text|><|im_start|>system\nYou are a creative storyteller.<|im_end|>\n<|im_start|>user\nTell me a short story about a robot who learns to paint.<|im_end|>\n<|im_start|>assistant\nOnce in a small, cluttered room, a robot named Luna stood by the window, its eyes fixed on a canvas that pulsed with an endless palette of colors. Luna\'s sharp, stylized fingers moved with precision, brush strokes that danced across the paper like a cascade of hues.\n\nAs L";
      error = "";
      status_code = 200 : nat16;
      prompt_remaining = "";
      generated_eog = false;
    }
  },
)
step 5 wall=3.148s
step 5 C3-IO:  C3-IO-END: call=18 load_called=1 load_ok=1 load_instr=111977696 load_tokens=94 load_bytes= 6134433 save_intermediate_called=0 save_intermediate_instr=0 save_intermediate_tokens= 0 save_intermediate_bytes=-1 save_terminal_called=1 save_terminal_instr= 331449562 save_terminal_tokens=108 save_terminal_bytes=6306689 
APPEND: c3-ssm-falcon-h1-step1,Falcon-H1-Tiny-90M,constant-state-ssm,1,15,15,5.939,,,0,,,2026-04-20T18:51:21+00:00,save_i_bytes=5445409;save_t_bytes=5617665;save_i_tokens=;save_t_tokens=52;load_tokens=0;load_bytes=;mode=fresh;ssm=bounded-state
APPEND: c3-ssm-falcon-h1-step2,Falcon-H1-Tiny-90M,constant-state-ssm,1,15,15,2.993,,,104518822,,,2026-04-20T18:51:21+00:00,save_i_bytes=-1;save_t_bytes=5789921;save_i_tokens=;save_t_tokens=66;load_tokens=52;load_bytes=;mode=continue;ssm=bounded-state
APPEND: c3-ssm-falcon-h1-step3,Falcon-H1-Tiny-90M,constant-state-ssm,1,15,15,3.012,,,107066201,,,2026-04-20T18:51:21+00:00,save_i_bytes=-1;save_t_bytes=5962177;save_i_tokens=;save_t_tokens=80;load_tokens=66;load_bytes=;mode=continue;ssm=bounded-state
APPEND: c3-ssm-falcon-h1-step4,Falcon-H1-Tiny-90M,constant-state-ssm,1,15,15,3.072,,,109523464,,,2026-04-20T18:51:21+00:00,save_i_bytes=-1;save_t_bytes=6134433;save_i_tokens=;save_t_tokens=94;load_tokens=80;load_bytes=;mode=continue;ssm=bounded-state
APPEND: c3-ssm-falcon-h1-step5,Falcon-H1-Tiny-90M,constant-state-ssm,1,15,15,3.148,,,111977696,,,2026-04-20T18:51:21+00:00,save_i_bytes=-1;save_t_bytes=6306689;save_i_tokens=;save_t_tokens=108;load_tokens=94;load_bytes=;mode=continue;ssm=bounded-state
=== Task 19.3 complete 2026-04-20T18:51:21+00:00 ===
