=== SSN chat demo start 2026-04-20T20:42:38+00:00 ===
Canister: u2pva-3iaaa | Model: models/model.gguf | Cache: ssn-c3demo-1776717758.cache | Turns: 10 | N/turn: 10
    }
  },
)

--- Turn 1/10 ---
turn 1 wall=4.713s rc=0
(
  variant {
    Ok = record {
      output = " his hammer was now twice as heavy as his sword";
      conversation = "Elric the blacksmith discovered that his hammer was now twice as heavy as his";
      error = "";
      status_code = 200 : nat16;
      prompt_remaining = "";
      generated_eog = false;
    }
  },
)
out:  his hammer was now twice as heavy as his sword

--- Turn 2/10 ---
turn 2 wall=3.866s rc=0
(
  variant {
    Ok = record {
      output = " anvil. He had 12 pounds of";
      conversation = "Elric the blacksmith discovered that his hammer was now twice as heavy as his anvil. He had 12 pounds";
      error = "";
      status_code = 200 : nat16;
      prompt_remaining = "";
      generated_eog = false;
    }
  },
)
out:  anvil. He had 12 pounds of

--- Turn 3/10 ---
turn 3 wall=3.599s rc=0
(
  variant {
    Ok = record {
      output = " of iron in his hammer and 17 pounds";
      conversation = "Elric the blacksmith discovered that his hammer was now twice as heavy as his anvil. He had 12 pounds of iron in his hammer and 17";
      error = "";
      status_code = 200 : nat16;
      prompt_remaining = "";
      generated_eog = false;
    }
  },
)
out:  of iron in his hammer and 17 pounds

--- Turn 4/10 ---
turn 4 wall=4.058s rc=0
(
  variant {
    Ok = record {
      output = " pounds of iron in his anvil. How much";
      conversation = "Elric the blacksmith discovered that his hammer was now twice as heavy as his anvil. He had 12 pounds of iron in his hammer and 17 pounds of iron in his anvil. How";
      error = "";
      status_code = 200 : nat16;
      prompt_remaining = "";
      generated_eog = false;
    }
  },
)
out:  pounds of iron in his anvil. How much

--- Turn 5/10 ---
turn 5 wall=3.73s rc=0
(
  variant {
    Ok = record {
      output = " much weight does he have to add to the an";
      conversation = "Elric the blacksmith discovered that his hammer was now twice as heavy as his anvil. He had 12 pounds of iron in his hammer and 17 pounds of iron in his anvil. How much weight does he have to add to the";
      error = "";
      status_code = 200 : nat16;
      prompt_remaining = "";
      generated_eog = false;
    }
  },
)
out:  much weight does he have to add to the an

--- Turn 6/10 ---
turn 6 wall=4.087s rc=0
(
  variant {
    Ok = record {
      output = " hammer to reduce the weight ratio to 1:";
      conversation = "Elric the blacksmith discovered that his hammer was now twice as heavy as his anvil. He had 12 pounds of iron in his hammer and 17 pounds of iron in his anvil. How much weight does he have to add to the hammer to reduce the weight ratio to 1";
      error = "";
      status_code = 200 : nat16;
      prompt_remaining = "";
      generated_eog = false;
    }
  },
)
out:  hammer to reduce the weight ratio to 1:

--- Turn 7/10 ---
turn 7 wall=4.019s rc=0
(
  variant {
    Ok = record {
      output = ":1? To solve this problem, we need";
      conversation = "Elric the blacksmith discovered that his hammer was now twice as heavy as his anvil. He had 12 pounds of iron in his hammer and 17 pounds of iron in his anvil. How much weight does he have to add to the hammer to reduce the weight ratio to 1:1? To solve this problem, we";
      error = "";
      status_code = 200 : nat16;
      prompt_remaining = "";
      generated_eog = false;
    }
  },
)
out: :1? To solve this problem, we need

--- Turn 8/10 ---
turn 8 wall=4.589s rc=0
(
  variant {
    Ok = record {
      output = " need to determine the amount of weight that Elric";
      conversation = "Elric the blacksmith discovered that his hammer was now twice as heavy as his anvil. He had 12 pounds of iron in his hammer and 17 pounds of iron in his anvil. How much weight does he have to add to the hammer to reduce the weight ratio to 1:1? To solve this problem, we need to determine the amount of weight that El";
      error = "";
      status_code = 200 : nat16;
      prompt_remaining = "";
      generated_eog = false;
    }
  },
)
out:  need to determine the amount of weight that Elric

--- Turn 9/10 ---
turn 9 wall=4.256s rc=0
(
  variant {
    Ok = record {
      output = "ric should add to his hammer to reduce the weight";
      conversation = "Elric the blacksmith discovered that his hammer was now twice as heavy as his anvil. He had 12 pounds of iron in his hammer and 17 pounds of iron in his anvil. How much weight does he have to add to the hammer to reduce the weight ratio to 1:1? To solve this problem, we need to determine the amount of weight that Elric should add to his hammer to reduce the";
      error = "";
      status_code = 200 : nat16;
      prompt_remaining = "";
      generated_eog = false;
    }
  },
)
out: ric should add to his hammer to reduce the weight

--- Turn 10/10 ---
turn 10 wall=4.203s rc=0
(
  variant {
    Ok = record {
      output = " weight ratio to 1:1. Let\'s";
      conversation = "Elric the blacksmith discovered that his hammer was now twice as heavy as his anvil. He had 12 pounds of iron in his hammer and 17 pounds of iron in his anvil. How much weight does he have to add to the hammer to reduce the weight ratio to 1:1? To solve this problem, we need to determine the amount of weight that Elric should add to his hammer to reduce the weight ratio to 1:1. Let";
      error = "";
      status_code = 200 : nat16;
      prompt_remaining = "";
      generated_eog = false;
    }
  },
)
out:  weight ratio to 1:1. Let\'s

=== SSN chat demo complete 2026-04-20T20:43:21+00:00 ===
Transcript: artifact/results/paper_1_5/tables/c3-ssn-chat-demo-transcript.md
Total: 10/10 turns, 100 tokens, 41.12s wall
